----------------------------------------------------------------------------------------------------
Table Name: GlobalST			 Parent Name: NULL
----------------------------------------------------------------------------------------------------
Name           Type                Initial Value       Size           Offset         Nested
                                                                                                    
swap           void                -                   0              0              swap
main           int                 -                   4              0              main
----------------------------------------------------------------------------------------------------

----------------------------------------------------------------------------------------------------
Table Name: swap			 Parent Name: GlobalST
----------------------------------------------------------------------------------------------------
Name           Type                Initial Value       Size           Offset         Nested
                                                                                                    
a              ptr(int)            -                   4              0              NULL
b              ptr(int)            -                   4              4              NULL
temp           int                 -                   4              8              NULL
t0             int                                     4              12             NULL
t1             int                                     4              16             NULL
t2             int                                     4              20             NULL
t3             int                                     4              24             NULL
----------------------------------------------------------------------------------------------------

----------------------------------------------------------------------------------------------------
Table Name: main			 Parent Name: GlobalST
----------------------------------------------------------------------------------------------------
Name           Type                Initial Value       Size           Offset         Nested
                                                                                                    
return         int                 -                   4              0              NULL
a              int                 3                   4              4              NULL
t0             int                 3                   4              8              NULL
b              int                 2                   4              12             NULL
t1             int                 2                   4              16             NULL
swap           int                 -                   4              20             NULL
t2             ptr(int)                                4              24             NULL
t3             ptr(int)                                4              28             NULL
t4             int                                     4              32             NULL
t5             int                 0                   4              36             NULL
----------------------------------------------------------------------------------------------------


----------------------------------------------------------------------------------------------------
Three Address Code:
----------------------------------------------------------------------------------------------------

L0: swap: 
L1:     t0 = *a
L2:     temp = t0
L3:     t1 = *a
L4:     t2 = *b
L5:     *a = t2
L6:     t3 = *b
L7:     *b = temp

L8: main: 
L9:     t0 = 3
L10:     a = t0
L11:     t1 = 2
L12:     b = t1
L13:     t2 = &a
L14:     param t2
L15:     t3 = &b
L16:     param t3
L17:     t4 = call swap, 2
L18:     t5 = 0
L19:     return t5
----------------------------------------------------------------------------------------------------
