----------------------------------------------------------------------------------------------------
Table Name: GlobalST			 Parent Name: NULL
----------------------------------------------------------------------------------------------------
Name           Type                Initial Value       Size           Offset         Nested
                                                                                                    
our            int                 -                   4              0              our
main           void                -                   0              4              main
----------------------------------------------------------------------------------------------------

----------------------------------------------------------------------------------------------------
Table Name: our			 Parent Name: GlobalST
----------------------------------------------------------------------------------------------------
Name           Type                Initial Value       Size           Offset         Nested
                                                                                                    
return         int                 -                   4              0              NULL
i              int                 -                   4              4              NULL
t0             int                 0                   4              8              NULL
t1             int                                     4              12             NULL
t2             int                 399                 4              16             NULL
t3             char                'A'                 1              20             NULL
t4             char                                    1              21             NULL
t5             char                'Z'                 1              22             NULL
t6             char                                    1              23             NULL
t7             int                 32                  4              24             NULL
t8             int                                     4              28             NULL
t9             int                                     4              32             NULL
t10            char                'a'                 1              36             NULL
t11            char                                    1              37             NULL
t12            char                'z'                 1              38             NULL
t13            char                                    1              39             NULL
t14            int                 32                  4              40             NULL
t15            int                                     4              44             NULL
t16            int                 2                   4              48             NULL
t17            int                                     4              52             NULL
t18            int                                     4              56             NULL
----------------------------------------------------------------------------------------------------

----------------------------------------------------------------------------------------------------
Table Name: main			 Parent Name: GlobalST
----------------------------------------------------------------------------------------------------
Name           Type                Initial Value       Size           Offset         Nested
                                                                                                    
far            int                 -                   4              0              NULL
near           int                 0                   4              4              NULL
t0             int                 0                   4              8              NULL
our            int                 -                   4              12             NULL
t1             int                                     4              16             NULL
t2             int                                     4              20             NULL
----------------------------------------------------------------------------------------------------


----------------------------------------------------------------------------------------------------
Three Address Code:
----------------------------------------------------------------------------------------------------

L0: our: 
L1:     t0 = 0
L2:     i = t0
L3:     t2 = 399
L4:     if i <= t2 goto L6
L5:     goto L37
L6:     t3 = 'A'
L7:     t4 = int2char(i)
L8:     if t4 >= t3 goto L11
L9:     goto L20
L10:     goto L15
L11:     t5 = 'Z'
L12:     t6 = int2char(i)
L13:     if t6 <= t5 goto L16
L14:     goto L20
L15:     goto L33
L16:     t7 = 32
L17:     t8 = t7 + i
L18:     i = t8
L19:     goto L33
L20:     t10 = 'a'
L21:     t11 = int2char(i)
L22:     if t11 >= t10 goto L25
L23:     goto L33
L24:     goto L29
L25:     t12 = 'z'
L26:     t13 = int2char(i)
L27:     if t13 <= t12 goto L30
L28:     goto L33
L29:     goto L33
L30:     t14 = 32
L31:     i = t14
L32:     goto L33
L33:     t16 = 2
L34:     t17 = i + t16
L35:     i = t17
L36:     goto L3
L37:     return i

L38: main: 
L39:     t0 = 0
L40:     near = t0
L41:     t1 = call our, 0
L42:     far = t1
----------------------------------------------------------------------------------------------------
