----------------------------------------------------------------------------------------------------
Table Name: GlobalST			 Parent Name: NULL
----------------------------------------------------------------------------------------------------
Name           Type                Initial Value       Size           Offset         Nested
                                                                                                    
fib            int                 -                   4              0              fib
main           int                 -                   4              4              main
----------------------------------------------------------------------------------------------------

----------------------------------------------------------------------------------------------------
Table Name: fib			 Parent Name: GlobalST
----------------------------------------------------------------------------------------------------
Name           Type                Initial Value       Size           Offset         Nested
                                                                                                    
n              int                 -                   4              0              NULL
return         int                 -                   4              4              NULL
arr            arr(20,int)         -                   80             8              NULL
t0             int                 20                  4              88             NULL
i              int                 -                   4              92             NULL
t1             int                 0                   4              96             NULL
t2             int                                     4              100            NULL
t3             int                 0                   4              104            NULL
t4             int                                     4              108            NULL
t5             int                 1                   4              112            NULL
t6             int                                     4              116            NULL
t7             int                 1                   4              120            NULL
t8             int                                     4              124            NULL
t9             int                 2                   4              128            NULL
t10            int                                     4              132            NULL
t11            int                                     4              136            NULL
t12            int                                     4              140            NULL
t13            int                 1                   4              144            NULL
t14            int                                     4              148            NULL
t15            int                                     4              152            NULL
t16            int                                     4              156            NULL
t17            int                 2                   4              160            NULL
t18            int                                     4              164            NULL
t19            int                                     4              168            NULL
t20            int                                     4              172            NULL
t21            int                                     4              176            NULL
t22            int                                     4              180            NULL
t23            int                                     4              184            NULL
t24            int                                     4              188            NULL
----------------------------------------------------------------------------------------------------

----------------------------------------------------------------------------------------------------
Table Name: main			 Parent Name: GlobalST
----------------------------------------------------------------------------------------------------
Name           Type                Initial Value       Size           Offset         Nested
                                                                                                    
return         int                 -                   4              0              NULL
n              int                 12                  4              4              NULL
t0             int                 12                  4              8              NULL
fibonacci      int                 -                   4              12             NULL
fib            int                 -                   4              16             NULL
t1             int                                     4              20             NULL
t2             int                                     4              24             NULL
t3             int                 0                   4              28             NULL
----------------------------------------------------------------------------------------------------


----------------------------------------------------------------------------------------------------
Three Address Code:
----------------------------------------------------------------------------------------------------

L0: fib: 
L1:     t0 = 20
L2:     t1 = 0
L3:     t2 = t1 * 4
L4:     t3 = 0
L5:     arr[t2] = t3
L6:     t5 = 1
L7:     t6 = t5 * 4
L8:     t7 = 1
L9:     arr[t6] = t7
L10:     t9 = 2
L11:     i = t9
L12:     if i <= n goto L17
L13:     goto L29
L14:     t11 = i
L15:     i = i + 1
L16:     goto L12
L17:     t12 = i * 4
L18:     t13 = 1
L19:     t14 = i - t13
L20:     t15 = t14 * 4
L21:     t16 = arr[t15]
L22:     t17 = 2
L23:     t18 = i - t17
L24:     t19 = t18 * 4
L25:     t20 = arr[t19]
L26:     t21 = t16 + t20
L27:     arr[t12] = t21
L28:     goto L14
L29:     t23 = n * 4
L30:     t24 = arr[t23]
L31:     return t24

L32: main: 
L33:     t0 = 12
L34:     n = t0
L35:     param n
L36:     t1 = call fib, 1
L37:     fibonacci = t1
L38:     t3 = 0
L39:     return t3
----------------------------------------------------------------------------------------------------
