----------------------------------------------------------------------------------------------------
Table Name: GlobalST			 Parent Name: NULL
----------------------------------------------------------------------------------------------------
Name           Type                Initial Value       Size           Offset         Nested
                                                                                                    
GCD            int                 -                   4              0              GCD
main           int                 -                   4              4              main
----------------------------------------------------------------------------------------------------

----------------------------------------------------------------------------------------------------
Table Name: GCD			 Parent Name: GlobalST
----------------------------------------------------------------------------------------------------
Name           Type                Initial Value       Size           Offset         Nested
                                                                                                    
x              int                 -                   4              0              NULL
y              int                 -                   4              4              NULL
return         int                 -                   4              8              NULL
t0             int                 0                   4              12             NULL
GCD            int                 -                   4              16             NULL
t1             int                                     4              20             NULL
t2             int                                     4              24             NULL
----------------------------------------------------------------------------------------------------

----------------------------------------------------------------------------------------------------
Table Name: main			 Parent Name: GlobalST
----------------------------------------------------------------------------------------------------
Name           Type                Initial Value       Size           Offset         Nested
                                                                                                    
return         int                 -                   4              0              NULL
a              int                 45                  4              4              NULL
t0             int                 45                  4              8              NULL
b              int                 -                   4              12             NULL
gcd            int                 -                   4              16             NULL
t1             int                 0                   4              20             NULL
t2             int                 100                 4              24             NULL
t3             int                                     4              28             NULL
t4             int                 25                  4              32             NULL
t5             int                                     4              36             NULL
t6             int                 100                 4              40             NULL
t7             int                 15                  4              44             NULL
t8             int                                     4              48             NULL
t9             int                 5                   4              52             NULL
t10            int                                     4              56             NULL
GCD            int                 -                   4              60             NULL
t11            int                                     4              64             NULL
t12            int                                     4              68             NULL
t13            int                 0                   4              72             NULL
----------------------------------------------------------------------------------------------------


----------------------------------------------------------------------------------------------------
Three Address Code:
----------------------------------------------------------------------------------------------------

L0: GCD: 
L1:     t0 = 0
L2:     if x == t0 goto L5
L3:     goto L7
L4:     goto L7
L5:     return y
L6:     goto L7
L7:     t1 = y % x
L8:     param t1
L9:     param x
L10:     t2 = call GCD, 2
L11:     return t2

L12: main: 
L13:     t0 = 45
L14:     a = t0
L15:     t1 = 0
L16:     if a == t1 goto L19
L17:     goto L24
L18:     goto L33
L19:     t2 = 100
L20:     a = t2
L21:     t4 = 25
L22:     b = t4
L23:     goto L33
L24:     t6 = 100
L25:     if a == t6 goto L28
L26:     goto L31
L27:     goto L33
L28:     t7 = 15
L29:     b = t7
L30:     goto L33
L31:     t9 = 5
L32:     b = t9
L33:     param a
L34:     param b
L35:     t11 = call GCD, 2
L36:     gcd = t11
L37:     t13 = 0
L38:     return t13
----------------------------------------------------------------------------------------------------
