----------------------------------------------------------------------------------------------------
Table Name: GlobalST			 Parent Name: NULL
----------------------------------------------------------------------------------------------------
Name           Type                Initial Value       Size           Offset         Nested
                                                                                                    
d              float               2.3                 8              0              NULL
t0             float               2.3                 8              8              NULL
i              int                 -                   4              16             NULL
w              arr(10,int)         -                   40             20             NULL
t1             int                 10                  4              60             NULL
a1             int                 4                   4              64             NULL
t2             int                 4                   4              68             NULL
p              ptr(int)            -                   4              72             NULL
a2             int                 -                   4              76             NULL
func           void                -                   0              80             func
c              char                -                   1              80             NULL
find_diff      int                 -                   4              81             find_diff
minimum        int                 -                   4              85             minimum
maximum        int                 -                   4              89             maximum
main           int                 -                   4              93             main
----------------------------------------------------------------------------------------------------

----------------------------------------------------------------------------------------------------
Table Name: func			 Parent Name: GlobalST
----------------------------------------------------------------------------------------------------
Name           Type                Initial Value       Size           Offset         Nested
                                                                                                    
i              int                 -                   4              0              NULL
a3             float               -                   8              4              NULL
----------------------------------------------------------------------------------------------------

----------------------------------------------------------------------------------------------------
Table Name: find_diff			 Parent Name: GlobalST
----------------------------------------------------------------------------------------------------
Name           Type                Initial Value       Size           Offset         Nested
                                                                                                    
x              int                 -                   4              0              NULL
y              int                 -                   4              4              NULL
return         int                 -                   4              8              NULL
max            int                 -                   4              12             NULL
min            int                 -                   4              16             NULL
diff           int                 -                   4              20             NULL
maximum        int                 -                   4              24             NULL
t0             int                                     4              28             NULL
t1             int                                     4              32             NULL
minimum        int                 -                   4              36             NULL
t2             int                                     4              40             NULL
t3             int                                     4              44             NULL
t4             int                                     4              48             NULL
t5             int                                     4              52             NULL
----------------------------------------------------------------------------------------------------

----------------------------------------------------------------------------------------------------
Table Name: minimum			 Parent Name: GlobalST
----------------------------------------------------------------------------------------------------
Name           Type                Initial Value       Size           Offset         Nested
                                                                                                    
x              int                 -                   4              0              NULL
y              int                 -                   4              4              NULL
return         int                 -                   4              8              NULL
ans            int                 -                   4              12             NULL
t0             int                                     4              16             NULL
t1             int                                     4              20             NULL
----------------------------------------------------------------------------------------------------

----------------------------------------------------------------------------------------------------
Table Name: maximum			 Parent Name: GlobalST
----------------------------------------------------------------------------------------------------
Name           Type                Initial Value       Size           Offset         Nested
                                                                                                    
x              int                 -                   4              0              NULL
y              int                 -                   4              4              NULL
return         int                 -                   4              8              NULL
ans            int                 -                   4              12             NULL
t0             int                                     4              16             NULL
t1             int                                     4              20             NULL
----------------------------------------------------------------------------------------------------

----------------------------------------------------------------------------------------------------
Table Name: main			 Parent Name: GlobalST
----------------------------------------------------------------------------------------------------
Name           Type                Initial Value       Size           Offset         Nested
                                                                                                    
return         int                 -                   4              0              NULL
a              int                 -                   4              4              NULL
b              int                 -                   4              8              NULL
diff           int                 -                   4              12             NULL
t0             int                 19                  4              16             NULL
t1             int                                     4              20             NULL
t2             int                 7                   4              24             NULL
t3             int                                     4              28             NULL
find_diff      int                 -                   4              32             NULL
t4             int                                     4              36             NULL
t5             int                                     4              40             NULL
t6             int                 0                   4              44             NULL
----------------------------------------------------------------------------------------------------


----------------------------------------------------------------------------------------------------
Three Address Code:
----------------------------------------------------------------------------------------------------
L0:     t0 = 2.3
L1:     d = t0
L2:     t1 = 10
L3:     t2 = 4
L4:     a1 = t2

L5: find_diff: 
L6:     param x
L7:     param y
L8:     t0 = call maximum, 2
L9:     max = t0
L10:     param x
L11:     param y
L12:     t2 = call minimum, 2
L13:     min = t2
L14:     t4 = max - min
L15:     diff = t4
L16:     return diff

L17: minimum: 
L18:     if x > y goto L21
L19:     goto L22
L20:     goto L26
L21:     goto L24
L22:     t0 = x
L23:     goto L26
L24:     t0 = y
L25:     goto L26
L26:     ans = t0
L27:     return ans

L28: maximum: 
L29:     if x > y goto L32
L30:     goto L34
L31:     goto L35
L32:     ans = x
L33:     goto L35
L34:     ans = y
L35:     return ans

L36: main: 
L37:     t0 = 19
L38:     a = t0
L39:     t2 = 7
L40:     b = t2
L41:     param a
L42:     param b
L43:     t4 = call find_diff, 2
L44:     diff = t4
L45:     t6 = 0
L46:     return t6
----------------------------------------------------------------------------------------------------
